<?xml version="1.0" encoding="UTF-8"?>
<testsuites name="TestSuite1" time="0" tests="0" failures="0" errors="0">
   <testsuite name="TestSuite1" tests="0" failures="0" errors="0" time="0" timestamp="2017-07-19 13:55:22" hostname="MONEYMAKER$ - MoneyMaker.attlocal.net" id="Test Suites/TestSuite1">
      <properties>
         <property name="deviceName" value=""/>
         <property name="devicePlatform" value=""/>
         <property name="logFolder" value="C:\\Users\\Loading\\git\\KatalonGitTest1\\Reports\\TestSuite1\\20170719_135520"/>
         <property name="logFiles" value="C:\\Users\\Loading\\git\\KatalonGitTest1\\Reports\\TestSuite1\\20170719_135520\\execution0.log"/>
         <property name="attachments" value=""/>
         <property name="hostName" value="MONEYMAKER$ - MoneyMaker.attlocal.net"/>
         <property name="hostAddress" value="192.168.1.134"/>
         <property name="os" value="Windows 10 64bit"/>
         <property name="katalonVersion" value="4.7.0.2"/>
      </properties>
      <system-out><![CDATA[2017-07-19 13:55:22 - [TEST_SUITE][INCOMPLETE] - TestSuite1: null]]></system-out>
      <system-err><![CDATA[2017-07-19 13:55:22 - [TEST_SUITE][INCOMPLETE] - TestSuite1: null]]></system-err>
   </testsuite>
</testsuites>
