<?xml version="1.0" encoding="UTF-8"?>
<testsuites name="TestSuite1" time="14" tests="1" failures="0" errors="0">
   <testsuite name="TestSuite1" tests="1" failures="0" errors="0" time="14" timestamp="2017-07-19 14:06:53" hostname="MONEYMAKER$ - MoneyMaker.attlocal.net" id="Test Suites/TestSuite1">
      <properties>
         <property name="deviceName" value=""/>
         <property name="devicePlatform" value=""/>
         <property name="logFolder" value="C:\\Users\\Loading\\git\\KatalonGitTest1\\Reports\\TestSuite1\\20170719_140652"/>
         <property name="logFiles" value="C:\\Users\\Loading\\git\\KatalonGitTest1\\Reports\\TestSuite1\\20170719_140652\\execution0.log"/>
         <property name="attachments" value=""/>
         <property name="hostName" value="MONEYMAKER$ - MoneyMaker.attlocal.net"/>
         <property name="os" value="Windows 10 64bit"/>
         <property name="katalonVersion" value="4.7.0.2"/>
         <property name="browser" value="Firefox 54.0"/>
         <property name="hostAddress" value="192.168.1.134"/>
         <property name="sessionId" value="04db66fd-6252-4bb8-8317-9f23bd37ba9c"/>
         <property name="seleniumVersion" value="2.53.0"/>
         <property name="proxyInformation" value="ProxyInformation{proxyOption=NO_PROXY, proxyServerType=HTTP, password=, proxyServerAddress=, proxyServerPort=0}"/>
         <property name="platform" value="Windows 10"/>
      </properties>
      <testcase name="Test Cases/Test1ByTRSN" classname="Test Cases/Test1ByTRSN" status="PASSED">
         <system-out><![CDATA[2017-07-19 14:06:53 - [TEST_CASE][PASSED] - Test Cases/Test1ByTRSN: Test Cases/Test1ByTRSN

2017-07-19 14:06:54 - [TEST_STEP][PASSED] - openBrowser: Browser is opened with url: ''

2017-07-19 14:07:00 - [MESSAGE][PASSED] - Browser is opened with url: ''

2017-07-19 14:07:00 - [TEST_STEP][PASSED] - navigateToUrl: Navigate to 'http://www.flowrestling.org/' successfully

2017-07-19 14:07:06 - [MESSAGE][PASSED] - Navigate to 'http://www.flowrestling.org/' successfully

2017-07-19 14:07:06 - [TEST_STEP][PASSED] - switchToWindowTitle: Switched to window with title: 'FloWrestling'

2017-07-19 14:07:07 - [MESSAGE][PASSED] - Switched to window with title: 'FloWrestling'

2017-07-19 14:07:07 - [TEST_STEP][PASSED] - click: Object: 'Object Repository/Page_FloWrestling/a_Events' is clicked on

2017-07-19 14:07:07 - [MESSAGE][PASSED] - Object: 'Object Repository/Page_FloWrestling/a_Events' is clicked on

2017-07-19 14:07:07 - [TEST_STEP][PASSED] - closeBrowser: Browser is closed

2017-07-19 14:07:07 - [MESSAGE][PASSED] - Browser is closed]]></system-out>
         <system-err><![CDATA[]]></system-err>
      </testcase>
      <system-out><![CDATA[2017-07-19 14:06:53 - [TEST_SUITE][PASSED] - TestSuite1: Test Cases/Test1ByTRSN]]></system-out>
      <system-err><![CDATA[]]></system-err>
   </testsuite>
</testsuites>
