<?xml version="1.0" encoding="UTF-8"?>
<testsuites name="TestSuite1" time="29" tests="2" failures="0" errors="0">
   <testsuite name="TestSuite1" tests="2" failures="0" errors="0" time="29" timestamp="2017-07-19 15:10:23" hostname="Loading - MoneyMaker.attlocal.net" id="Test Suites/TestSuite1">
      <properties>
         <property name="deviceName" value=""/>
         <property name="devicePlatform" value=""/>
         <property name="logFolder" value="C:\\Users\\Loading\\git\\KatalonGitTest1\\Reports\\TestSuite1\\20170719_151022"/>
         <property name="logFiles" value="C:\\Users\\Loading\\git\\KatalonGitTest1\\Reports\\TestSuite1\\20170719_151022\\execution0.log"/>
         <property name="attachments" value=""/>
         <property name="hostName" value="Loading - MoneyMaker.attlocal.net"/>
         <property name="os" value="Windows 10 64bit"/>
         <property name="katalonVersion" value="4.7.0.2"/>
         <property name="browser" value="Firefox 54.0"/>
         <property name="hostAddress" value="192.168.1.134"/>
         <property name="sessionId" value="e3adeb47-8abe-47e0-8c8e-cc5ced73c45a"/>
         <property name="seleniumVersion" value="2.53.0"/>
         <property name="proxyInformation" value="ProxyInformation{proxyOption=NO_PROXY, proxyServerType=HTTP, password=, proxyServerAddress=, proxyServerPort=0}"/>
         <property name="platform" value="Windows 10"/>
      </properties>
      <testcase name="Test Cases/Test1ByTRSN" classname="Test Cases/Test1ByTRSN" status="PASSED">
         <system-out><![CDATA[2017-07-19 15:10:23 - [TEST_CASE][PASSED] - Test Cases/Test1ByTRSN: Test Cases/Test1ByTRSN

2017-07-19 15:10:24 - [TEST_STEP][PASSED] - openBrowser: Browser is opened with url: ''

2017-07-19 15:10:31 - [MESSAGE][PASSED] - Browser is opened with url: ''

2017-07-19 15:10:31 - [TEST_STEP][PASSED] - navigateToUrl: Navigate to 'http://www.flowrestling.org/' successfully

2017-07-19 15:10:37 - [MESSAGE][PASSED] - Navigate to 'http://www.flowrestling.org/' successfully

2017-07-19 15:10:37 - [TEST_STEP][PASSED] - switchToWindowTitle: Switched to window with title: 'FloWrestling'

2017-07-19 15:10:38 - [MESSAGE][PASSED] - Switched to window with title: 'FloWrestling'

2017-07-19 15:10:38 - [TEST_STEP][PASSED] - click: Object: 'Object Repository/Page_FloWrestling/a_Events' is clicked on

2017-07-19 15:10:38 - [MESSAGE][PASSED] - Object: 'Object Repository/Page_FloWrestling/a_Events' is clicked on

2017-07-19 15:10:38 - [TEST_STEP][PASSED] - closeBrowser: Browser is closed

2017-07-19 15:10:39 - [MESSAGE][PASSED] - Browser is closed]]></system-out>
         <system-err><![CDATA[]]></system-err>
      </testcase>
      <testcase name="Test Cases/MACTest2" classname="Test Cases/MACTest2" status="PASSED">
         <system-out><![CDATA[2017-07-19 15:10:39 - [TEST_CASE][PASSED] - Test Cases/MACTest2: Test Cases/MACTest2

2017-07-19 15:10:39 - [TEST_STEP][PASSED] - openBrowser: Browser is opened with url: 'https://staging-arena.flowrestling.org'

2017-07-19 15:10:52 - [MESSAGE][PASSED] - Browser is opened with url: 'https://staging-arena.flowrestling.org'

2017-07-19 15:10:52 - [TEST_STEP][PASSED] - closeBrowser: Browser is closed

2017-07-19 15:10:53 - [MESSAGE][PASSED] - Browser is closed]]></system-out>
         <system-err><![CDATA[]]></system-err>
      </testcase>
      <system-out><![CDATA[2017-07-19 15:10:23 - [TEST_SUITE][PASSED] - TestSuite1: Test Cases/MACTest2]]></system-out>
      <system-err><![CDATA[]]></system-err>
   </testsuite>
</testsuites>
