<?xml version="1.0" encoding="UTF-8"?>
<testsuites name="TestSuite1" time="43" tests="1" failures="1" errors="0">
   <testsuite name="TestSuite1" tests="1" failures="1" errors="0" time="43" timestamp="2017-07-19 15:01:09" hostname="Loading - MoneyMaker.attlocal.net" id="Test Suites/TestSuite1">
      <properties>
         <property name="deviceName" value=""/>
         <property name="devicePlatform" value=""/>
         <property name="logFolder" value="C:\\Users\\Loading\\git\\KatalonGitTest1\\Reports\\TestSuite1\\20170719_150108"/>
         <property name="logFiles" value="C:\\Users\\Loading\\git\\KatalonGitTest1\\Reports\\TestSuite1\\20170719_150108\\execution0.log"/>
         <property name="attachments" value=""/>
         <property name="hostName" value="Loading - MoneyMaker.attlocal.net"/>
         <property name="os" value="Windows 10 64bit"/>
         <property name="katalonVersion" value="4.7.0.2"/>
         <property name="browser" value="Firefox 54.0"/>
         <property name="hostAddress" value="192.168.1.134"/>
         <property name="sessionId" value="5ff251c3-13cf-4ed3-83fd-a0d32a2de190"/>
         <property name="seleniumVersion" value="2.53.0"/>
         <property name="proxyInformation" value="ProxyInformation{proxyOption=NO_PROXY, proxyServerType=HTTP, password=, proxyServerAddress=, proxyServerPort=0}"/>
         <property name="platform" value="Windows 10"/>
      </properties>
      <testcase name="Test Cases/Test1ByTRSN" classname="Test Cases/Test1ByTRSN" status="PASSED">
         <system-out><![CDATA[2017-07-19 15:01:10 - [TEST_CASE][PASSED] - Test Cases/Test1ByTRSN: Test Cases/Test1ByTRSN

2017-07-19 15:01:10 - [TEST_STEP][PASSED] - openBrowser: Browser is opened with url: ''

2017-07-19 15:01:18 - [MESSAGE][PASSED] - Browser is opened with url: ''

2017-07-19 15:01:18 - [TEST_STEP][PASSED] - navigateToUrl: Navigate to 'http://www.flowrestling.org/' successfully

2017-07-19 15:01:24 - [MESSAGE][PASSED] - Navigate to 'http://www.flowrestling.org/' successfully

2017-07-19 15:01:24 - [TEST_STEP][PASSED] - switchToWindowTitle: Switched to window with title: 'FloWrestling'

2017-07-19 15:01:25 - [MESSAGE][PASSED] - Switched to window with title: 'FloWrestling'

2017-07-19 15:01:25 - [TEST_STEP][PASSED] - click: Object: 'Object Repository/Page_FloWrestling/a_Events' is clicked on

2017-07-19 15:01:25 - [MESSAGE][PASSED] - Object: 'Object Repository/Page_FloWrestling/a_Events' is clicked on

2017-07-19 15:01:25 - [TEST_STEP][PASSED] - closeBrowser: Browser is closed

2017-07-19 15:01:26 - [MESSAGE][PASSED] - Browser is closed]]></system-out>
         <system-err><![CDATA[]]></system-err>
      </testcase>
      <testcase name="Test Cases/MACTest2" classname="Test Cases/MACTest2" status="FAILED">
         <failure type="FAILED" message=""/>
         <system-out><![CDATA[2017-07-19 15:01:26 - [TEST_CASE][FAILED] - Test Cases/MACTest2: Test Cases/MACTest2 FAILED because (of) Unable to open browser with url: 'https://staging-arena.flowrestling.com' (Root cause: org.openqa.selenium.remote.UnreachableBrowserException: Error communicating with the remote browser. It may have died.
Build info: version: '2.53.0', revision: '35ae25b', time: '2016-03-15 17:00:58'
System info: host: 'MoneyMaker', ip: '192.168.1.134', os.name: 'Windows 10', os.arch: 'amd64', os.version: '10.0', java.version: '1.8.0_102'
Driver info: driver.version: RemoteWebDriver
Capabilities [{applicationCacheEnabled=true, rotatable=false, handlesAlerts=true, databaseEnabled=true, version=54.0, platform=WINDOWS, nativeEvents=false, acceptSslCerts=true, webStorageEnabled=true, locationContextEnabled=true, browserName=firefox, takesScreenshot=true, javascriptEnabled=true, cssSelectorsEnabled=true}]
Session ID: 5ff251c3-13cf-4ed3-83fd-a0d32a2de190)

2017-07-19 15:01:26 - [TEST_STEP][FAILED] - openBrowser: Unable to open browser with url: 'https://staging-arena.flowrestling.com' (Root cause: org.openqa.selenium.remote.UnreachableBrowserException: Error communicating with the remote browser. It may have died.
Build info: version: '2.53.0', revision: '35ae25b', time: '2016-03-15 17:00:58'
System info: host: 'MoneyMaker', ip: '192.168.1.134', os.name: 'Windows 10', os.arch: 'amd64', os.version: '10.0', java.version: '1.8.0_102'
Driver info: driver.version: RemoteWebDriver
Capabilities [{applicationCacheEnabled=true, rotatable=false, handlesAlerts=true, databaseEnabled=true, version=54.0, platform=WINDOWS, nativeEvents=false, acceptSslCerts=true, webStorageEnabled=true, locationContextEnabled=true, browserName=firefox, takesScreenshot=true, javascriptEnabled=true, cssSelectorsEnabled=true}]
Session ID: 5ff251c3-13cf-4ed3-83fd-a0d32a2de190)

2017-07-19 15:01:52 - [MESSAGE][FAILED] - Unable to open browser with url: 'https://staging-arena.flowrestling.com' (Root cause: org.openqa.selenium.remote.UnreachableBrowserException: Error communicating with the remote browser. It may have died.
Build info: version: '2.53.0', revision: '35ae25b', time: '2016-03-15 17:00:58'
System info: host: 'MoneyMaker', ip: '192.168.1.134', os.name: 'Windows 10', os.arch: 'amd64', os.version: '10.0', java.version: '1.8.0_102'
Driver info: driver.version: RemoteWebDriver
Capabilities [{applicationCacheEnabled=true, rotatable=false, handlesAlerts=true, databaseEnabled=true, version=54.0, platform=WINDOWS, nativeEvents=false, acceptSslCerts=true, webStorageEnabled=true, locationContextEnabled=true, browserName=firefox, takesScreenshot=true, javascriptEnabled=true, cssSelectorsEnabled=true}]
Session ID: 5ff251c3-13cf-4ed3-83fd-a0d32a2de190)]]></system-out>
         <system-err><![CDATA[2017-07-19 15:01:26 - [TEST_CASE][FAILED] - Test Cases/MACTest2: Test Cases/MACTest2 FAILED because (of) Unable to open browser with url: 'https://staging-arena.flowrestling.com' (Root cause: org.openqa.selenium.remote.UnreachableBrowserException: Error communicating with the remote browser. It may have died.
Build info: version: '2.53.0', revision: '35ae25b', time: '2016-03-15 17:00:58'
System info: host: 'MoneyMaker', ip: '192.168.1.134', os.name: 'Windows 10', os.arch: 'amd64', os.version: '10.0', java.version: '1.8.0_102'
Driver info: driver.version: RemoteWebDriver
Capabilities [{applicationCacheEnabled=true, rotatable=false, handlesAlerts=true, databaseEnabled=true, version=54.0, platform=WINDOWS, nativeEvents=false, acceptSslCerts=true, webStorageEnabled=true, locationContextEnabled=true, browserName=firefox, takesScreenshot=true, javascriptEnabled=true, cssSelectorsEnabled=true}]
Session ID: 5ff251c3-13cf-4ed3-83fd-a0d32a2de190)]]></system-err>
      </testcase>
      <system-out><![CDATA[2017-07-19 15:01:09 - [TEST_SUITE][FAILED] - TestSuite1: Test Cases/MACTest2 FAILED because (of) Unable to open browser with url: 'https://staging-arena.flowrestling.com' (Root cause: org.openqa.selenium.remote.UnreachableBrowserException: Error communicating with the remote browser. It may have died.
Build info: version: '2.53.0', revision: '35ae25b', time: '2016-03-15 17:00:58'
System info: host: 'MoneyMaker', ip: '192.168.1.134', os.name: 'Windows 10', os.arch: 'amd64', os.version: '10.0', java.version: '1.8.0_102'
Driver info: driver.version: RemoteWebDriver
Capabilities [{applicationCacheEnabled=true, rotatable=false, handlesAlerts=true, databaseEnabled=true, version=54.0, platform=WINDOWS, nativeEvents=false, acceptSslCerts=true, webStorageEnabled=true, locationContextEnabled=true, browserName=firefox, takesScreenshot=true, javascriptEnabled=true, cssSelectorsEnabled=true}]
Session ID: 5ff251c3-13cf-4ed3-83fd-a0d32a2de190)]]></system-out>
      <system-err><![CDATA[2017-07-19 15:01:09 - [TEST_SUITE][FAILED] - TestSuite1: Test Cases/MACTest2 FAILED because (of) Unable to open browser with url: 'https://staging-arena.flowrestling.com' (Root cause: org.openqa.selenium.remote.UnreachableBrowserException: Error communicating with the remote browser. It may have died.
Build info: version: '2.53.0', revision: '35ae25b', time: '2016-03-15 17:00:58'
System info: host: 'MoneyMaker', ip: '192.168.1.134', os.name: 'Windows 10', os.arch: 'amd64', os.version: '10.0', java.version: '1.8.0_102'
Driver info: driver.version: RemoteWebDriver
Capabilities [{applicationCacheEnabled=true, rotatable=false, handlesAlerts=true, databaseEnabled=true, version=54.0, platform=WINDOWS, nativeEvents=false, acceptSslCerts=true, webStorageEnabled=true, locationContextEnabled=true, browserName=firefox, takesScreenshot=true, javascriptEnabled=true, cssSelectorsEnabled=true}]
Session ID: 5ff251c3-13cf-4ed3-83fd-a0d32a2de190)]]></system-err>
   </testsuite>
</testsuites>
